\BOOKMARK [0][-]{chapter.1}{\376\377\000I\000n\000t\000r\000o\000d\000u\000c\000t\000i\000o\000n}{}% 1
\BOOKMARK [0][-]{chapter.2}{\376\377\000M\000e\000t\000h\000o\000d\000o\000l\000o\000g\000y}{}% 2
\BOOKMARK [1][-]{section.2.1}{\376\377\000D\000o\000s\000S\000e\000n\000d\000\040\000a\000n\000d\000\040\000D\000o\000s\000R\000e\000a\000d\000\040\000u\000s\000a\000g\000e}{chapter.2}% 3
\BOOKMARK [2][-]{subsection.2.1.1}{\376\377\000U\000s\000i\000n\000g\000\040\000D\000o\000s\000S\000e\000n\000d\000\040\000t\000o\000\040\000c\000r\000e\000a\000t\000e\000\040\000a\000\040\000w\000a\000v\000\040\000f\000i\000l\000e}{section.2.1}% 4
\BOOKMARK [2][-]{subsection.2.1.2}{\376\377\000U\000s\000i\000n\000g\000\040\000D\000o\000s\000R\000e\000a\000d}{section.2.1}% 5
\BOOKMARK [1][-]{section.2.2}{\376\377\000E\000x\000p\000l\000a\000n\000a\000t\000i\000o\000n\000\040\000o\000f\000\040\000t\000h\000e\000\040\000L\000o\000w\000-\000P\000a\000s\000s\000\040\000F\000i\000l\000t\000e\000r\000s}{chapter.2}% 6
\BOOKMARK [2][-]{subsection.2.2.1}{\376\377\000L\000P\000F\000i\000l\000t\000e\000r\0001\000\040\000:\000\040\000M\000o\000v\000i\000n\000g\000\040\000A\000v\000e\000r\000a\000g\000e\000\040\000F\000i\000l\000t\000e\000r}{section.2.2}% 7
\BOOKMARK [3][-]{subsubsection.2.2.1.1}{\376\377\000T\000h\000e\000o\000r\000y\000\040\000b\000e\000h\000i\000n\000d\000\040\000t\000h\000e\000\040\000S\000i\000m\000p\000l\000e\000\040\000M\000o\000v\000i\000n\000g\000\040\000A\000v\000e\000r\000a\000g\000e\000\040\000F\000i\000l\000t\000e\000r}{subsection.2.2.1}% 8
\BOOKMARK [3][-]{subsubsection.2.2.1.2}{\376\377\000J\000a\000v\000a\000\040\000i\000m\000p\000l\000e\000m\000e\000n\000t\000a\000t\000i\000o\000n\000\040\000o\000f\000\040\000t\000h\000e\000\040\000S\000M\000A\000\040\000F\000i\000l\000t\000e\000r}{subsection.2.2.1}% 9
\BOOKMARK [2][-]{subsection.2.2.2}{\376\377\000L\000P\000F\000i\000l\000t\000e\000r\0002\000\040\000:\000\040\000E\000x\000p\000o\000n\000e\000n\000t\000i\000a\000l\000\040\000M\000o\000v\000i\000n\000g\000\040\000A\000v\000e\000r\000a\000g\000e\000\040\000F\000i\000l\000t\000e\000r}{section.2.2}% 10
\BOOKMARK [3][-]{subsubsection.2.2.2.1}{\376\377\000T\000h\000e\000o\000r\000y\000\040\000b\000e\000h\000i\000n\000d\000\040\000t\000h\000e\000\040\000E\000x\000p\000o\000n\000e\000n\000t\000i\000a\000l\000\040\000M\000o\000v\000i\000n\000g\000\040\000A\000v\000e\000r\000a\000g\000e\000\040\000F\000i\000l\000t\000e\000r}{subsection.2.2.2}% 11
\BOOKMARK [3][-]{subsubsection.2.2.2.2}{\376\377\000J\000a\000v\000a\000\040\000i\000m\000p\000l\000e\000m\000e\000n\000t\000a\000t\000i\000o\000n\000\040\000o\000f\000\040\000t\000h\000e\000\040\000E\000M\000A\000\040\000F\000i\000l\000t\000e\000r}{subsection.2.2.2}% 12
\BOOKMARK [1][-]{section.2.3}{\376\377\000M\000e\000t\000h\000o\000d\000\040\000t\000o\000\040\000m\000o\000n\000i\000t\000o\000r\000\040\000t\000h\000e\000\040\000s\000p\000e\000e\000d\000\040\000o\000f\000\040\000t\000h\000e\000\040\000f\000i\000l\000t\000e\000r\000s}{chapter.2}% 13
\BOOKMARK [0][-]{chapter.3}{\376\377\000R\000e\000s\000u\000l\000t\000s}{}% 14
\BOOKMARK [1][-]{section.3.1}{\376\377\000S\000p\000e\000e\000d}{chapter.3}% 15
\BOOKMARK [2][-]{subsection.3.1.1}{\376\377\000L\000P\000F\000i\000l\000t\000e\000r\000'\000s\000\040\000S\000p\000e\000e\000d\000\040\000t\000o\000\040\000F\000i\000l\000t\000e\000r\000i\000n\000g\000\040\000S\000t\000r\000e\000n\000g\000t\000h}{section.3.1}% 16
\BOOKMARK [2][-]{subsection.3.1.2}{\376\377\000L\000P\000F\000i\000l\000t\000e\000r\000'\000s\000\040\000S\000p\000e\000e\000d\000\040\000t\000o\000\040\000D\000a\000t\000a\000\040\000L\000e\000n\000g\000t\000h}{section.3.1}% 17
\BOOKMARK [2][-]{subsection.3.1.3}{\376\377\000L\000P\000F\000i\000l\000t\000e\000r\000'\000s\000\040\000E\000f\000f\000i\000c\000i\000e\000n\000c\000y}{section.3.1}% 18
\BOOKMARK [2][-]{subsection.3.1.4}{\376\377\000L\000P\000F\000i\000l\000t\000e\000r\000'\000s\000\040\000O\000u\000t\000p\000u\000t}{section.3.1}% 19
\BOOKMARK [3][-]{subsubsection.3.1.4.1}{\376\377\000F\000i\000l\000t\000e\000r\000s\000\040\000F\000r\000e\000q\000u\000e\000n\000c\000y\000\040\000R\000e\000s\000p\000o\000n\000s\000e\000\040\000a\000n\000d\000\040\000e\000f\000f\000i\000c\000i\000e\000n\000c\000y}{subsection.3.1.4}% 20
\BOOKMARK [0][-]{chapter.4}{\376\377\000D\000i\000s\000c\000u\000s\000s\000i\000o\000n}{}% 21
\BOOKMARK [0][-]{chapter.5}{\376\377\000C\000o\000n\000c\000l\000u\000s\000i\000o\000n}{}% 22
